[debug] [2023-03-28T07:12:27.191Z] ----------------------------------------------------------------------
[debug] [2023-03-28T07:12:27.194Z] Command:       C:\Program Files\nodejs\node.exe C:\Users\DjS\AppData\Roaming\npm\node_modules\firebase-tools\lib\bin\firebase.js init
[debug] [2023-03-28T07:12:27.195Z] CLI Version:   11.25.1
[debug] [2023-03-28T07:12:27.195Z] Platform:      win32
[debug] [2023-03-28T07:12:27.195Z] Node Version:  v16.16.0
[debug] [2023-03-28T07:12:27.196Z] Time:          Tue Mar 28 2023 12:42:27 GMT+0530 (India Standard Time)
[debug] [2023-03-28T07:12:27.197Z] ----------------------------------------------------------------------
[debug] 
[debug] [2023-03-28T07:12:27.208Z] > command requires scopes: ["email","openid","https://www.googleapis.com/auth/cloudplatformprojects.readonly","https://www.googleapis.com/auth/firebase","https://www.googleapis.com/auth/cloud-platform"]
[debug] [2023-03-28T07:12:27.209Z] > authorizing via signed-in user (shubham.golwal@spit.ac.in)
[info] 
     ######## #### ########  ######## ########     ###     ######  ########
     ##        ##  ##     ## ##       ##     ##  ##   ##  ##       ##
     ######    ##  ########  ######   ########  #########  ######  ######
     ##        ##  ##    ##  ##       ##     ## ##     ##       ## ##
     ##       #### ##     ## ######## ########  ##     ##  ######  ########

You're about to initialize a Firebase project in this directory:

  E:\SEM_06\ADBMS\Expt6\AnimeFirebase

[info] 
=== Project Setup
[info] 
[info] First, let's associate this project directory with a Firebase project.
[info] You can create multiple project aliases by running firebase use --add, 
[info] but for now we'll just set up a default project.
[info] 
[debug] [2023-03-28T07:13:01.380Z] >>> [apiv2][query] GET https://firebase.googleapis.com/v1beta1/projects pageSize=100
[debug] [2023-03-28T07:13:02.415Z] <<< [apiv2][status] GET https://firebase.googleapis.com/v1beta1/projects 200
[debug] [2023-03-28T07:13:02.416Z] <<< [apiv2][body] GET https://firebase.googleapis.com/v1beta1/projects [omitted]
[info] i  Using project adbms-lab-06 (ADBMS lab 06) 
[info] 
=== Database Setup
[info] i  database: ensuring required API firebasedatabase.googleapis.com is enabled... 
[debug] [2023-03-28T07:13:13.648Z] >>> [apiv2][query] GET https://serviceusage.googleapis.com/v1/projects/adbms-lab-06/services/firebasedatabase.googleapis.com [none]
[debug] [2023-03-28T07:13:13.648Z] >>> [apiv2][(partial)header] GET https://serviceusage.googleapis.com/v1/projects/adbms-lab-06/services/firebasedatabase.googleapis.com x-goog-quota-user=projects/adbms-lab-06
[debug] [2023-03-28T07:13:16.184Z] <<< [apiv2][status] GET https://serviceusage.googleapis.com/v1/projects/adbms-lab-06/services/firebasedatabase.googleapis.com 200
[debug] [2023-03-28T07:13:16.184Z] <<< [apiv2][body] GET https://serviceusage.googleapis.com/v1/projects/adbms-lab-06/services/firebasedatabase.googleapis.com [omitted]
[warn] !  database: missing required API firebasedatabase.googleapis.com. Enabling now... 
[debug] [2023-03-28T07:13:16.189Z] >>> [apiv2][query] POST https://serviceusage.googleapis.com/v1/projects/adbms-lab-06/services/firebasedatabase.googleapis.com:enable [none]
[debug] [2023-03-28T07:13:16.189Z] >>> [apiv2][(partial)header] POST https://serviceusage.googleapis.com/v1/projects/adbms-lab-06/services/firebasedatabase.googleapis.com:enable x-goog-quota-user=projects/adbms-lab-06
[debug] [2023-03-28T07:13:18.460Z] <<< [apiv2][status] POST https://serviceusage.googleapis.com/v1/projects/adbms-lab-06/services/firebasedatabase.googleapis.com:enable 200
[debug] [2023-03-28T07:13:18.460Z] <<< [apiv2][body] POST https://serviceusage.googleapis.com/v1/projects/adbms-lab-06/services/firebasedatabase.googleapis.com:enable [omitted]
[debug] [2023-03-28T07:13:28.468Z] >>> [apiv2][query] GET https://serviceusage.googleapis.com/v1/projects/adbms-lab-06/services/firebasedatabase.googleapis.com [none]
[debug] [2023-03-28T07:13:28.468Z] >>> [apiv2][(partial)header] GET https://serviceusage.googleapis.com/v1/projects/adbms-lab-06/services/firebasedatabase.googleapis.com x-goog-quota-user=projects/adbms-lab-06
[debug] [2023-03-28T07:13:30.518Z] <<< [apiv2][status] GET https://serviceusage.googleapis.com/v1/projects/adbms-lab-06/services/firebasedatabase.googleapis.com 200
[debug] [2023-03-28T07:13:30.519Z] <<< [apiv2][body] GET https://serviceusage.googleapis.com/v1/projects/adbms-lab-06/services/firebasedatabase.googleapis.com [omitted]
[info] +  database: required API firebasedatabase.googleapis.com is enabled 
[info] 
[debug] [2023-03-28T07:13:30.542Z] >>> [apiv2][query] GET https://firebase.googleapis.com/v1beta1/projects/adbms-lab-06 [none]
[debug] [2023-03-28T07:13:31.539Z] <<< [apiv2][status] GET https://firebase.googleapis.com/v1beta1/projects/adbms-lab-06 200
[debug] [2023-03-28T07:13:31.540Z] <<< [apiv2][body] GET https://firebase.googleapis.com/v1beta1/projects/adbms-lab-06 {"projectId":"adbms-lab-06","projectNumber":"66166484384","displayName":"ADBMS lab 06","name":"projects/adbms-lab-06","resources":{"hostingSite":"adbms-lab-06"},"state":"ACTIVE","etag":"1_0e8ac6f9-5fff-44c7-ab22-c944d4003b95"}
[debug] [2023-03-28T07:13:59.144Z] >>> [apiv2][query] POST https://firebasedatabase.googleapis.com/v1beta/projects/adbms-lab-06/locations/asia-southeast1/instances databaseId=adbms-lab-06-default-rtdb&validateOnly=true
[debug] [2023-03-28T07:13:59.144Z] >>> [apiv2][body] POST https://firebasedatabase.googleapis.com/v1beta/projects/adbms-lab-06/locations/asia-southeast1/instances {"type":"default_database"}
[debug] [2023-03-28T07:14:01.028Z] <<< [apiv2][status] POST https://firebasedatabase.googleapis.com/v1beta/projects/adbms-lab-06/locations/asia-southeast1/instances 200
[debug] [2023-03-28T07:14:01.028Z] <<< [apiv2][body] POST https://firebasedatabase.googleapis.com/v1beta/projects/adbms-lab-06/locations/asia-southeast1/instances {"name":"projects/66166484384/locations/asia-southeast1/instances/adbms-lab-06-default-rtdb","project":"projects/66166484384","databaseUrl":"https://adbms-lab-06-default-rtdb.asia-southeast1.firebasedatabase.app","type":"DEFAULT_DATABASE","state":"ACTIVE"}
[debug] [2023-03-28T07:14:01.031Z] >>> [apiv2][query] POST https://firebasedatabase.googleapis.com/v1beta/projects/adbms-lab-06/locations/asia-southeast1/instances databaseId=adbms-lab-06-default-rtdb
[debug] [2023-03-28T07:14:01.032Z] >>> [apiv2][body] POST https://firebasedatabase.googleapis.com/v1beta/projects/adbms-lab-06/locations/asia-southeast1/instances {"type":"default_database"}
[debug] [2023-03-28T07:14:02.881Z] <<< [apiv2][status] POST https://firebasedatabase.googleapis.com/v1beta/projects/adbms-lab-06/locations/asia-southeast1/instances 200
[debug] [2023-03-28T07:14:02.883Z] <<< [apiv2][body] POST https://firebasedatabase.googleapis.com/v1beta/projects/adbms-lab-06/locations/asia-southeast1/instances {"name":"projects/66166484384/locations/asia-southeast1/instances/adbms-lab-06-default-rtdb","project":"projects/66166484384","databaseUrl":"https://adbms-lab-06-default-rtdb.asia-southeast1.firebasedatabase.app","type":"DEFAULT_DATABASE","state":"ACTIVE"}
[info] 
[info] Firebase Realtime Database Security Rules allow you to define how your data should be
[info] structured and when your data can be read from and written to.
[info] 
[debug] [2023-03-28T07:14:40.125Z] >>> [apiv2][query] GET https://adbms-lab-06-default-rtdb.asia-southeast1.firebasedatabase.app/.settings/rules.json [none]
[debug] [2023-03-28T07:14:42.294Z] <<< [apiv2][status] GET https://adbms-lab-06-default-rtdb.asia-southeast1.firebasedatabase.app/.settings/rules.json 200
[debug] [2023-03-28T07:14:42.295Z] <<< [apiv2][body] GET https://adbms-lab-06-default-rtdb.asia-southeast1.firebasedatabase.app/.settings/rules.json [stream]
[info] +  Database Rules for adbms-lab-06-default-rtdb have been written to y. 
[info] Future modifications to y will update Realtime Database Security Rules when you run
[info] firebase deploy.
[info] 
=== Firestore Setup
[debug] [2023-03-28T07:14:42.315Z] >>> [apiv2][query] GET https://serviceusage.googleapis.com/v1/projects/adbms-lab-06/services/firestore.googleapis.com [none]
[debug] [2023-03-28T07:14:42.316Z] >>> [apiv2][(partial)header] GET https://serviceusage.googleapis.com/v1/projects/adbms-lab-06/services/firestore.googleapis.com x-goog-quota-user=projects/adbms-lab-06
[debug] [2023-03-28T07:14:44.341Z] <<< [apiv2][status] GET https://serviceusage.googleapis.com/v1/projects/adbms-lab-06/services/firestore.googleapis.com 200
[debug] [2023-03-28T07:14:44.342Z] <<< [apiv2][body] GET https://serviceusage.googleapis.com/v1/projects/adbms-lab-06/services/firestore.googleapis.com [omitted]
[debug] [2023-03-28T07:14:44.345Z] >>> [apiv2][query] GET https://firestore.googleapis.com/v1/projects/adbms-lab-06/databases/(default) [none]
[debug] [2023-03-28T07:14:46.059Z] <<< [apiv2][status] GET https://firestore.googleapis.com/v1/projects/adbms-lab-06/databases/(default) 200
[debug] [2023-03-28T07:14:46.060Z] <<< [apiv2][body] GET https://firestore.googleapis.com/v1/projects/adbms-lab-06/databases/(default) {"name":"projects/adbms-lab-06/databases/(default)","uid":"e7e98b3a-708d-4741-8854-d1d4b9a31b82","createTime":"2023-03-28T06:33:31.348776Z","updateTime":"2023-03-28T06:33:31.348776Z","locationId":"asia-south1","type":"FIRESTORE_NATIVE","concurrencyMode":"PESSIMISTIC","appEngineIntegrationMode":"DISABLED","keyPrefix":"j","deleteProtectionState":"DELETE_PROTECTION_DISABLED","etag":"INrr5+mJ/v0CMJK44dyA/v0C"}
[debug] [2023-03-28T07:14:46.061Z] database_type: FIRESTORE_NATIVE
[debug] [2023-03-28T07:14:46.063Z] > command requires scopes: ["email","openid","https://www.googleapis.com/auth/cloudplatformprojects.readonly","https://www.googleapis.com/auth/firebase","https://www.googleapis.com/auth/cloud-platform"]
[debug] [2023-03-28T07:14:46.064Z] > authorizing via signed-in user (shubham.golwal@spit.ac.in)
[debug] [2023-03-28T07:14:46.065Z] [iam] checking project adbms-lab-06 for permissions ["firebase.projects.get"]
[debug] [2023-03-28T07:14:46.069Z] >>> [apiv2][query] POST https://cloudresourcemanager.googleapis.com/v1/projects/adbms-lab-06:testIamPermissions [none]
[debug] [2023-03-28T07:14:46.069Z] >>> [apiv2][(partial)header] POST https://cloudresourcemanager.googleapis.com/v1/projects/adbms-lab-06:testIamPermissions x-goog-quota-user=projects/adbms-lab-06
[debug] [2023-03-28T07:14:46.070Z] >>> [apiv2][body] POST https://cloudresourcemanager.googleapis.com/v1/projects/adbms-lab-06:testIamPermissions {"permissions":["firebase.projects.get"]}
[debug] [2023-03-28T07:14:47.956Z] <<< [apiv2][status] POST https://cloudresourcemanager.googleapis.com/v1/projects/adbms-lab-06:testIamPermissions 200
[debug] [2023-03-28T07:14:47.956Z] <<< [apiv2][body] POST https://cloudresourcemanager.googleapis.com/v1/projects/adbms-lab-06:testIamPermissions {"permissions":["firebase.projects.get"]}
[info] 
[info] Firestore Security Rules allow you to define how and when to allow
[info] requests. You can keep these rules in your project directory
[info] and publish them with firebase deploy.
[info] 
[debug] [2023-03-28T07:14:47.987Z] >>> [apiv2][query] GET https://firebaserules.googleapis.com/v1/projects/adbms-lab-06/releases pageSize=10&pageToken=
[debug] [2023-03-28T07:14:50.281Z] <<< [apiv2][status] GET https://firebaserules.googleapis.com/v1/projects/adbms-lab-06/releases 200
[debug] [2023-03-28T07:14:50.281Z] <<< [apiv2][body] GET https://firebaserules.googleapis.com/v1/projects/adbms-lab-06/releases {"releases":[{"name":"projects/adbms-lab-06/releases/cloud.firestore","rulesetName":"projects/adbms-lab-06/rulesets/5353b006-25bf-4943-9161-b4a51fbd440b","createTime":"2023-03-28T06:33:42.017610Z","updateTime":"2023-03-28T06:33:42.017610Z"}]}
[debug] [2023-03-28T07:14:50.281Z] Found ruleset: projects/adbms-lab-06/rulesets/5353b006-25bf-4943-9161-b4a51fbd440b
[debug] [2023-03-28T07:14:50.282Z] >>> [apiv2][query] GET https://firebaserules.googleapis.com/v1/projects/adbms-lab-06/rulesets/5353b006-25bf-4943-9161-b4a51fbd440b [none]
[debug] [2023-03-28T07:14:51.877Z] <<< [apiv2][status] GET https://firebaserules.googleapis.com/v1/projects/adbms-lab-06/rulesets/5353b006-25bf-4943-9161-b4a51fbd440b 200
[debug] [2023-03-28T07:14:51.878Z] <<< [apiv2][body] GET https://firebaserules.googleapis.com/v1/projects/adbms-lab-06/rulesets/5353b006-25bf-4943-9161-b4a51fbd440b [omitted]
[info] 
[info] Firestore indexes allow you to perform complex queries while
[info] maintaining performance that scales with the size of the result
[info] set. You can keep index definitions in your project directory
[info] and publish them with firebase deploy.
[info] 
[debug] [2023-03-28T07:14:51.898Z] >>> [apiv2][query] GET https://firestore.googleapis.com/v1/projects/adbms-lab-06/databases/(default)/collectionGroups/-/indexes [none]
[debug] [2023-03-28T07:14:51.900Z] >>> [apiv2][query] GET https://firestore.googleapis.com/v1/projects/adbms-lab-06/databases/(default)/collectionGroups/-/fields?filter=indexConfig.usesAncestorConfig=false OR ttlConfig:* [none]
[debug] [2023-03-28T07:14:52.138Z] <<< [apiv2][status] GET https://firestore.googleapis.com/v1/projects/adbms-lab-06/databases/(default)/collectionGroups/-/indexes 200
[debug] [2023-03-28T07:14:52.139Z] <<< [apiv2][body] GET https://firestore.googleapis.com/v1/projects/adbms-lab-06/databases/(default)/collectionGroups/-/indexes {}
[debug] [2023-03-28T07:14:52.208Z] <<< [apiv2][status] GET https://firestore.googleapis.com/v1/projects/adbms-lab-06/databases/(default)/collectionGroups/-/fields?filter=indexConfig.usesAncestorConfig=false OR ttlConfig:* 200
[debug] [2023-03-28T07:14:52.208Z] <<< [apiv2][body] GET https://firestore.googleapis.com/v1/projects/adbms-lab-06/databases/(default)/collectionGroups/-/fields?filter=indexConfig.usesAncestorConfig=false OR ttlConfig:* {"fields":[{"name":"projects/adbms-lab-06/databases/(default)/collectionGroups/__default__/fields/*","indexConfig":{"indexes":[{"queryScope":"COLLECTION","fields":[{"fieldPath":"*","order":"ASCENDING"}],"state":"READY"},{"queryScope":"COLLECTION","fields":[{"fieldPath":"*","order":"DESCENDING"}],"state":"READY"},{"queryScope":"COLLECTION","fields":[{"fieldPath":"*","arrayConfig":"CONTAINS"}],"state":"READY"}]}}]}
[info] 
=== Functions Setup
[debug] [2023-03-28T07:14:52.219Z] > command requires scopes: ["email","openid","https://www.googleapis.com/auth/cloudplatformprojects.readonly","https://www.googleapis.com/auth/firebase","https://www.googleapis.com/auth/cloud-platform"]
[debug] [2023-03-28T07:14:52.220Z] > authorizing via signed-in user (shubham.golwal@spit.ac.in)
[debug] [2023-03-28T07:14:52.220Z] [iam] checking project adbms-lab-06 for permissions ["firebase.projects.get"]
[debug] [2023-03-28T07:14:52.222Z] >>> [apiv2][query] POST https://cloudresourcemanager.googleapis.com/v1/projects/adbms-lab-06:testIamPermissions [none]
[debug] [2023-03-28T07:14:52.223Z] >>> [apiv2][(partial)header] POST https://cloudresourcemanager.googleapis.com/v1/projects/adbms-lab-06:testIamPermissions x-goog-quota-user=projects/adbms-lab-06
[debug] [2023-03-28T07:14:52.223Z] >>> [apiv2][body] POST https://cloudresourcemanager.googleapis.com/v1/projects/adbms-lab-06:testIamPermissions {"permissions":["firebase.projects.get"]}
[debug] [2023-03-28T07:14:53.970Z] <<< [apiv2][status] POST https://cloudresourcemanager.googleapis.com/v1/projects/adbms-lab-06:testIamPermissions 200
[debug] [2023-03-28T07:14:53.971Z] <<< [apiv2][body] POST https://cloudresourcemanager.googleapis.com/v1/projects/adbms-lab-06:testIamPermissions {"permissions":["firebase.projects.get"]}
[debug] [2023-03-28T07:14:53.972Z] >>> [apiv2][query] GET https://serviceusage.googleapis.com/v1/projects/adbms-lab-06/services/cloudfunctions.googleapis.com [none]
[debug] [2023-03-28T07:14:53.973Z] >>> [apiv2][(partial)header] GET https://serviceusage.googleapis.com/v1/projects/adbms-lab-06/services/cloudfunctions.googleapis.com x-goog-quota-user=projects/adbms-lab-06
[debug] [2023-03-28T07:14:53.981Z] >>> [apiv2][query] GET https://serviceusage.googleapis.com/v1/projects/adbms-lab-06/services/runtimeconfig.googleapis.com [none]
[debug] [2023-03-28T07:14:53.982Z] >>> [apiv2][(partial)header] GET https://serviceusage.googleapis.com/v1/projects/adbms-lab-06/services/runtimeconfig.googleapis.com x-goog-quota-user=projects/adbms-lab-06
[debug] [2023-03-28T07:14:55.908Z] <<< [apiv2][status] GET https://serviceusage.googleapis.com/v1/projects/adbms-lab-06/services/cloudfunctions.googleapis.com 200
[debug] [2023-03-28T07:14:55.909Z] <<< [apiv2][body] GET https://serviceusage.googleapis.com/v1/projects/adbms-lab-06/services/cloudfunctions.googleapis.com [omitted]
[debug] [2023-03-28T07:14:55.909Z] >>> [apiv2][query] POST https://serviceusage.googleapis.com/v1/projects/adbms-lab-06/services/cloudfunctions.googleapis.com:enable [none]
[debug] [2023-03-28T07:14:55.910Z] >>> [apiv2][(partial)header] POST https://serviceusage.googleapis.com/v1/projects/adbms-lab-06/services/cloudfunctions.googleapis.com:enable x-goog-quota-user=projects/adbms-lab-06
[debug] [2023-03-28T07:14:57.040Z] <<< [apiv2][status] GET https://serviceusage.googleapis.com/v1/projects/adbms-lab-06/services/runtimeconfig.googleapis.com 200
[debug] [2023-03-28T07:14:57.041Z] <<< [apiv2][body] GET https://serviceusage.googleapis.com/v1/projects/adbms-lab-06/services/runtimeconfig.googleapis.com [omitted]
[debug] [2023-03-28T07:14:58.270Z] <<< [apiv2][status] POST https://serviceusage.googleapis.com/v1/projects/adbms-lab-06/services/cloudfunctions.googleapis.com:enable 200
[debug] [2023-03-28T07:14:58.271Z] <<< [apiv2][body] POST https://serviceusage.googleapis.com/v1/projects/adbms-lab-06/services/cloudfunctions.googleapis.com:enable [omitted]
[debug] [2023-03-28T07:15:08.272Z] >>> [apiv2][query] GET https://serviceusage.googleapis.com/v1/projects/adbms-lab-06/services/cloudfunctions.googleapis.com [none]
[debug] [2023-03-28T07:15:08.273Z] >>> [apiv2][(partial)header] GET https://serviceusage.googleapis.com/v1/projects/adbms-lab-06/services/cloudfunctions.googleapis.com x-goog-quota-user=projects/adbms-lab-06
[debug] [2023-03-28T07:15:09.276Z] <<< [apiv2][status] GET https://serviceusage.googleapis.com/v1/projects/adbms-lab-06/services/cloudfunctions.googleapis.com 200
[debug] [2023-03-28T07:15:09.276Z] <<< [apiv2][body] GET https://serviceusage.googleapis.com/v1/projects/adbms-lab-06/services/cloudfunctions.googleapis.com [omitted]
[info] Let's create a new codebase for your functions.
[info] A directory corresponding to the codebase will be created in your project
[info] with sample code pre-configured.

[info] See https://firebase.google.com/docs/functions/organize-functions for
[info] more information on organizing your functions using codebases.

[info] Functions can be deployed with firebase deploy.

[info] +  Wrote functions/package.json 
[info] +  Wrote functions/index.js 
[info] +  Wrote functions/.gitignore 
[info] 
=== Hosting Setup
[info] 
[info] Your public directory is the folder (relative to your project directory) that
[info] will contain Hosting assets to be uploaded with firebase deploy. If you
[info] have a build process for your assets, use your build's output directory.
[info] 
[debug] [2023-03-28T07:20:58.734Z] Error: ENOTDIR: not a directory, scandir 'E:\SEM_06\ADBMS\Expt6\AnimeFirebase\y'
    at Object.readdirSync (node:fs:1405:3)
    at Object.createFileSync (C:\Users\DjS\AppData\Roaming\npm\node_modules\firebase-tools\node_modules\fs-extra\lib\ensure\file.js:55:10)
    at Config.writeProjectFile (C:\Users\DjS\AppData\Roaming\npm\node_modules\firebase-tools\lib\config.js:152:12)
    at C:\Users\DjS\AppData\Roaming\npm\node_modules\firebase-tools\lib\config.js:176:22
    at processTicksAndRejections (node:internal/process/task_queues:96:5)
    at async doSetup (C:\Users\DjS\AppData\Roaming\npm\node_modules\firebase-tools\lib\init\features\hosting\index.js:140:13)
    at async init (C:\Users\DjS\AppData\Roaming\npm\node_modules\firebase-tools\lib\init\index.js:36:9)
[error] 
[error] Error: An unexpected error has occurred.
